# JRE version: OpenJDK Runtime Environment (11.0.10) (build 11.0.10+0-b96-7249189)
# Java VM: OpenJDK 64-Bit Server VM (11.0.10+0-b96-7249189, mixed mode, tiered, compressed oops, g1 gc, windows-amd64)
Heap:
 garbage-first heap   total 78848K, used 34839K [0x0000000080000000, 0x0000000100000000)
  region size 1024K, 14 young (14336K), 5 survivors (5120K)
 Metaspace       used 40063K, capacity 41044K, committed 41088K, reserved 1085440K
  class space    used 5131K, capacity 5488K, committed 5504K, reserved 1048576K
GC Heap History (20 events):
Event: 4.548 GC heap before
{Heap before GC invocations=3 (full 0):
 garbage-first heap   total 65536K, used 40877K [0x0000000080000000, 0x0000000100000000)
  region size 1024K, 31 young (31744K), 2 survivors (2048K)
 Metaspace       used 13713K, capacity 14133K, committed 14208K, reserved 1062912K
  class space    used 1518K, capacity 1652K, committed 1664K, reserved 1048576K
}
Event: 4.605 GC heap after
{Heap after GC invocations=4 (full 0):
 garbage-first heap   total 65536K, used 14897K [0x0000000080000000, 0x0000000100000000)
  region size 1024K, 4 young (4096K), 4 survivors (4096K)
 Metaspace       used 13713K, capacity 14133K, committed 14208K, reserved 1062912K
  class space    used 1518K, capacity 1652K, committed 1664K, reserved 1048576K
}
Event: 7.448 GC heap before
{Heap before GC invocations=4 (full 0):
 garbage-first heap   total 65536K, used 42545K [0x0000000080000000, 0x0000000100000000)
  region size 1024K, 31 young (31744K), 4 survivors (4096K)
 Metaspace       used 18961K, capacity 19456K, committed 19712K, reserved 1067008K
  class space    used 2282K, capacity 2437K, committed 2560K, reserved 1048576K
}
Event: 7.457 GC heap after
{Heap after GC invocations=5 (full 0):
 garbage-first heap   total 65536K, used 16598K [0x0000000080000000, 0x0000000100000000)
  region size 1024K, 2 young (2048K), 2 survivors (2048K)
 Metaspace       used 18961K, capacity 19456K, committed 19712K, reserved 1067008K
  class space    used 2282K, capacity 2437K, committed 2560K, reserved 1048576K
}
Event: 8.294 GC heap before
{Heap before GC invocations=5 (full 0):
 garbage-first heap   total 65536K, used 28886K [0x0000000080000000, 0x0000000100000000)
  region size 1024K, 15 young (15360K), 2 survivors (2048K)
 Metaspace       used 20592K, capacity 21092K, committed 21248K, reserved 1067008K
  class space    used 2504K, capacity 2690K, committed 2816K, reserved 1048576K
}
Event: 8.312 GC heap after
{Heap after GC invocations=6 (full 0):
 garbage-first heap   total 65536K, used 16943K [0x0000000080000000, 0x0000000100000000)
  region size 1024K, 2 young (2048K), 2 survivors (2048K)
 Metaspace       used 20592K, capacity 21092K, committed 21248K, reserved 1067008K
  class space    used 2504K, capacity 2690K, committed 2816K, reserved 1048576K
}
Event: 9.795 GC heap before
{Heap before GC invocations=7 (full 0):
 garbage-first heap   total 65536K, used 43567K [0x0000000080000000, 0x0000000100000000)
  region size 1024K, 28 young (28672K), 2 survivors (2048K)
 Metaspace       used 23285K, capacity 23890K, committed 23936K, reserved 1071104K
  class space    used 2948K, capacity 3158K, committed 3200K, reserved 1048576K
}
Event: 9.802 GC heap after
{Heap after GC invocations=8 (full 0):
 garbage-first heap   total 65536K, used 17741K [0x0000000080000000, 0x0000000100000000)
  region size 1024K, 3 young (3072K), 3 survivors (3072K)
 Metaspace       used 23285K, capacity 23890K, committed 23936K, reserved 1071104K
  class space    used 2948K, capacity 3158K, committed 3200K, reserved 1048576K
}
Event: 11.205 GC heap before
{Heap before GC invocations=8 (full 0):
 garbage-first heap   total 65536K, used 44365K [0x0000000080000000, 0x0000000100000000)
  region size 1024K, 29 young (29696K), 3 survivors (3072K)
 Metaspace       used 25909K, capacity 26555K, committed 26752K, reserved 1073152K
  class space    used 3386K, capacity 3601K, committed 3712K, reserved 1048576K
}
Event: 11.212 GC heap after
{Heap after GC invocations=9 (full 0):
 garbage-first heap   total 65536K, used 18757K [0x0000000080000000, 0x0000000100000000)
  region size 1024K, 3 young (3072K), 3 survivors (3072K)
 Metaspace       used 25909K, capacity 26555K, committed 26752K, reserved 1073152K
  class space    used 3386K, capacity 3601K, committed 3712K, reserved 1048576K
}
Event: 12.114 GC heap before
{Heap before GC invocations=9 (full 0):
 garbage-first heap   total 65536K, used 46405K [0x0000000080000000, 0x0000000100000000)
  region size 1024K, 30 young (30720K), 3 survivors (3072K)
 Metaspace       used 28328K, capacity 29054K, committed 29184K, reserved 1075200K
  class space    used 3770K, capacity 4030K, committed 4096K, reserved 1048576K
}
Event: 12.120 GC heap after
{Heap after GC invocations=10 (full 0):
 garbage-first heap   total 65536K, used 19789K [0x0000000080000000, 0x0000000100000000)
  region size 1024K, 3 young (3072K), 3 survivors (3072K)
 Metaspace       used 28328K, capacity 29054K, committed 29184K, reserved 1075200K
  class space    used 3770K, capacity 4030K, committed 4096K, reserved 1048576K
}
Event: 13.733 GC heap before
{Heap before GC invocations=10 (full 0):
 garbage-first heap   total 65536K, used 46413K [0x0000000080000000, 0x0000000100000000)
  region size 1024K, 30 young (30720K), 3 survivors (3072K)
 Metaspace       used 34599K, capacity 35411K, committed 35584K, reserved 1079296K
  class space    used 4509K, capacity 4832K, committed 4864K, reserved 1048576K
}
Event: 13.741 GC heap after
{Heap after GC invocations=11 (full 0):
 garbage-first heap   total 65536K, used 22140K [0x0000000080000000, 0x0000000100000000)
  region size 1024K, 4 young (4096K), 4 survivors (4096K)
 Metaspace       used 34599K, capacity 35411K, committed 35584K, reserved 1079296K
  class space    used 4509K, capacity 4832K, committed 4864K, reserved 1048576K
}
Event: 13.935 GC heap before
{Heap before GC invocations=11 (full 0):
 garbage-first heap   total 65536K, used 22140K [0x0000000080000000, 0x0000000100000000)
  region size 1024K, 6 young (6144K), 4 survivors (4096K)
 Metaspace       used 35046K, capacity 35795K, committed 35840K, reserved 1081344K
  class space    used 4537K, capacity 4832K, committed 4864K, reserved 1048576K
}
Event: 13.947 GC heap after
{Heap after GC invocations=12 (full 0):
 garbage-first heap   total 65536K, used 22983K [0x0000000080000000, 0x0000000100000000)
  region size 1024K, 1 young (1024K), 1 survivors (1024K)
 Metaspace       used 35046K, capacity 35795K, committed 35840K, reserved 1081344K
  class space    used 4537K, capacity 4832K, committed 4864K, reserved 1048576K
}
Event: 15.847 GC heap before
{Heap before GC invocations=13 (full 0):
 garbage-first heap   total 65536K, used 48583K [0x0000000080000000, 0x0000000100000000)
  region size 1024K, 27 young (27648K), 1 survivors (1024K)
 Metaspace       used 36723K, capacity 37544K, committed 37632K, reserved 1081344K
  class space    used 4744K, capacity 5049K, committed 5120K, reserved 1048576K
}
Event: 15.855 GC heap after
{Heap after GC invocations=14 (full 0):
 garbage-first heap   total 78848K, used 24764K [0x0000000080000000, 0x0000000100000000)
  region size 1024K, 3 young (3072K), 3 survivors (3072K)
 Metaspace       used 36723K, capacity 37544K, committed 37632K, reserved 1081344K
  class space    used 4744K, capacity 5049K, committed 5120K, reserved 1048576K
}
Event: 18.475 GC heap before
{Heap before GC invocations=14 (full 0):
 garbage-first heap   total 78848K, used 58556K [0x0000000080000000, 0x0000000100000000)
  region size 1024K, 34 young (34816K), 3 survivors (3072K)
 Metaspace       used 39280K, capacity 40189K, committed 40448K, reserved 1085440K
  class space    used 5008K, capacity 5353K, committed 5376K, reserved 1048576K
}
Event: 18.487 GC heap after
{Heap after GC invocations=15 (full 0):
 garbage-first heap   total 78848K, used 26647K [0x0000000080000000, 0x0000000100000000)
  region size 1024K, 5 young (5120K), 5 survivors (5120K)
 Metaspace       used 39280K, capacity 40189K, committed 40448K, reserved 1085440K
  class space    used 5008K, capacity 5353K, committed 5376K, reserved 1048576K
}

